{"D:\\test-BDD-TDD\\test-BDD-TDD-JS\\assets\\js\\add.js": {"path":"D:\\test-BDD-TDD\\test-BDD-TDD-JS\\assets\\js\\add.js","statementMap":{"0":{"start":{"line":2,"column":4},"end":{"line":2,"column":17}},"1":{"start":{"line":5,"column":0},"end":{"line":5,"column":24}}},"fnMap":{"0":{"name":"addNum","decl":{"start":{"line":1,"column":9},"end":{"line":1,"column":15}},"loc":{"start":{"line":1,"column":22},"end":{"line":3,"column":1}},"line":1}},"branchMap":{},"s":{"0":4,"1":1},"f":{"0":4},"b":{},"_coverageSchema":"1a1c01bbd47fc00a2c39e90264f33305004495a9","hash":"3763d8c0e4b85cd44df63a79ae333421b46cc08a"}
,"D:\\test-BDD-TDD\\test-BDD-TDD-JS\\assets\\js\\bowling-game.js": {"path":"D:\\test-BDD-TDD\\test-BDD-TDD-JS\\assets\\js\\bowling-game.js","statementMap":{"0":{"start":{"line":4,"column":16},"end":{"line":4,"column":18}},"1":{"start":{"line":5,"column":22},"end":{"line":5,"column":23}},"2":{"start":{"line":9,"column":6},"end":{"line":9,"column":34}},"3":{"start":{"line":14,"column":6},"end":{"line":14,"column":55}},"4":{"start":{"line":19,"column":18},"end":{"line":19,"column":19}},"5":{"start":{"line":20,"column":23},"end":{"line":20,"column":24}},"6":{"start":{"line":23,"column":6},"end":{"line":26,"column":7}},"7":{"start":{"line":23,"column":23},"end":{"line":23,"column":24}},"8":{"start":{"line":24,"column":8},"end":{"line":24,"column":47}},"9":{"start":{"line":25,"column":8},"end":{"line":25,"column":24}},"10":{"start":{"line":28,"column":6},"end":{"line":28,"column":19}},"11":{"start":{"line":32,"column":4},"end":{"line":35,"column":6}},"12":{"start":{"line":38,"column":2},"end":{"line":38,"column":31}}},"fnMap":{"0":{"name":"BowlingGame","decl":{"start":{"line":2,"column":9},"end":{"line":2,"column":20}},"loc":{"start":{"line":2,"column":23},"end":{"line":36,"column":3}},"line":2},"1":{"name":"roll","decl":{"start":{"line":8,"column":13},"end":{"line":8,"column":17}},"loc":{"start":{"line":8,"column":24},"end":{"line":10,"column":5}},"line":8},"2":{"name":"sumOfBallsInFrame","decl":{"start":{"line":13,"column":13},"end":{"line":13,"column":30}},"loc":{"start":{"line":13,"column":43},"end":{"line":15,"column":5}},"line":13},"3":{"name":"score","decl":{"start":{"line":18,"column":13},"end":{"line":18,"column":18}},"loc":{"start":{"line":18,"column":21},"end":{"line":29,"column":5}},"line":18}},"branchMap":{},"s":{"0":1,"1":1,"2":20,"3":10,"4":1,"5":1,"6":1,"7":1,"8":10,"9":10,"10":1,"11":1,"12":1},"f":{"0":1,"1":20,"2":10,"3":1},"b":{},"_coverageSchema":"1a1c01bbd47fc00a2c39e90264f33305004495a9","hash":"720647723f83c31cf70f9cc0eacdb9b67897e532"}
}
